 THIS SOFTWARE AND ANY ACCOMPANYING DOCUMENTATION
 IS RELEASED "AS IS".  THE U.S. GOVERNMENT MAKES NO
 WARRANTY OF ANY KIND, EXPRESS OR IMPLIED, CONCERNING
 THIS SOFTWARE AND ANY ACCOMPANYING DOCUMENTATION,
 INCLUDING, WITHOUT LIMITATION, ANY WARRANTIES OF
 MERCHANTABILITY OR FITNESS FOR A PARTICULAR PURPOSE.
 IN NO EVENT WILL THE U.S. GOVERNMENT BE LIABLE FOR ANY
 DAMAGES, INCLUDING LOST PROFITS, LOST SAVINGS OR OTHER
 INCIDENTAL OR CONSEQUENTIAL DAMAGES ARISING OUT OF THE 
 USE, OR INABILITY TO USE, THIS SOFTWARE OR ANY
 ACCOMPANYING DOCUMENTATION, EVEN IF INFORMED IN ADVANCE
 OF THE POSSIBILITY OF SUCH DAMAGES.








                                        ****************************************************
                                        *    USAF STABILITY AND CONTROL  DIGITAL DATCOM    *
                                        *    PROGRAM REV. JAN 96   DIRECT INQUIRIES TO:    *
                                        *   WRIGHT LABORATORY  (WL/FIGC)  ATTN: W. BLAKE   *
                                        *         WRIGHT PATTERSON AFB, OHIO  45433        *
                                        *    PHONE (513) 255-6764,   FAX (513) 258-4054    *
                                        ****************************************************
1                         CONERR - INPUT ERROR CHECKING
0 ERROR CODES - N* DENOTES THE NUMBER OF OCCURENCES OF EACH ERROR
0 A - UNKNOWN VARIABLE NAME
0 B - MISSING EQUAL SIGN FOLLOWING VARIABLE NAME
0 C - NON-ARRAY VARIABLE HAS AN ARRAY ELEMENT DESIGNATION - (N)
0 D - NON-ARRAY VARIABLE HAS MULTIPLE VALUES ASSIGNED
0 E - ASSIGNED VALUES EXCEED ARRAY DIMENSION
0 F - SYNTAX ERROR

0******************************  INPUT DATA CARDS  ******************************

 DIM M                                                                           
 DERIV RAD                                                                       
 PART                                                                            
  $FLTCON WT=26000.,                                                             
      LOOP=2.0,                                                                  
      NMACH=1.0, MACH(1)=0.5,                                                    
      NALT=1.0,  ALT(1)=4200.,                                                   
      NALPHA=20.0,                                                               
      ALSCHD(1)= -16.0, -8.0, -6.0, -4.0, -2.0, -1.0, 0.0, 1.0, 2.0,  4.0, 6.0,  
          8.0, 10.0, 12.0, 14.0, 16.0, 18.0, 19.0, 20.0, 21.0,                   
      STMACH=0.7, TSMACH=1.4, TR=1.0$                                            
  $OPTINS ROUGFC=0.25E-3, SREF=22.438, CBARR=2.5, BLREF=12.$                     
  $SYNTHS XCG=-0.18, ZCG=-0.47,                                                  
          XW=-1.13, ZW=-0.384, ALIW=3.5,                                         
          XH= 3.853,ZH=0.0993, ALIH=-3.0,                                        
          XV=3.86, SCALE=1.0, VERTUP=.TRUE.$                                     
  $BODY NX=15.0,                                                                 
        X(1) =-2.191,-1.887,-1.476,-1.278,-0.841,-0.470, 0.000, 0.722, 1.772,    
               2.005, 2.929, 4.109, 4.603, 5.712, 6.285,                         
        P(1) = 3.165, 4.630, 4.676, 4.874, 4.533, 4.628, 5.027, 4.940, 4.211,    
               4.010, 3.595, 2.690, 2.205, 0.960, 0.054,                         
        S(1) = 0.509, 0.988, 1.042, 1.144, 1.057, 1.104, 1.223, 1.195, 0.918,    
               0.830, 0.671, 0.378, 0.255, 0.048, 0.0001,                        
        R(1) = 0.389, 0.565, 0.579, 0.602, 0.536, 0.541, 0.528, 0.527, 0.483,    
               0.473, 0.421, 0.297, 0.238, 0.099, 0.007,                         
        ZU(1)= 0.423, 0.546, 0.546, 0.570, 0.625, 0.674, 1.008, 0.972, 0.650,    
               0.587, 0.533, 0.413, 0.322, 0.108,-0.092,                         
        ZL(1)=-0.414,-0.699,-0.712,-0.739,-0.628,-0.635,-0.631,-0.617,-0.588,    
              -0.573,-0.519,-0.426,-0.385,-0.212,-0.106,                         
        BNOSE=2.0, BTAIL=1.0,                                                    
        BLN=.25,   BLA=1.0,                                                      
        ITYPE=3.0, METHOD=1.0$                                                   
  $WGPLNF CHRDTP=1.22, CHRDR=2.72,                                               
          SSPNE=5.3, SSPN=5.82,                                                  
          SAVSI=4.5,  CHSTAT=0.0,                                                
          TWISTA=-2.5, DHDADI=6.0,  TYPE=1.0$                                    
 NACA W 4 3312                                                                   
 CASEID ----- A6M2 Wing Body -----                                               
 NEXT CASE                                                                       
 DIM M                                                                           
 DERIV RAD                                                                       
 PART                                                                            
  $FLTCON WT=26000.,                                                             
      LOOP=2.0,                                                                  
      NMACH=1.0, MACH(1)=0.5,                                                    
      NALT=1.0,  ALT(1)=4200.,                                                   
      NALPHA=20.0,                                                               
      ALSCHD(1)= -16.0, -8.0, -6.0, -4.0, -2.0, -1.0, 0.0, 1.0, 2.0,  4.0, 6.0,  
          8.0, 10.0, 12.0, 14.0, 16.0, 18.0, 19.0, 20.0, 21.0,                   
      STMACH=0.7, TSMACH=1.4, TR=1.0$                                            
  $OPTINS ROUGFC=0.25E-3, SREF=22.438, CBARR=2.5, BLREF=12.$                     
  $SYNTHS XCG=-0.18, ZCG=-0.47,                                                  
          XW=-1.13, ZW=-0.384, ALIW=3.5,                                         
          XH= 3.853,ZH=0.0993, ALIH=-3.0,                                        
          XV=3.86, SCALE=1.0, VERTUP=.TRUE.$                                     
  $BODY NX=15.0,                                                                 
        X(1) =-2.191,-1.887,-1.476,-1.278,-0.841,-0.470, 0.000, 0.722, 1.772,    
               2.005, 2.929, 4.109, 4.603, 5.712, 6.285,                         
        P(1) = 3.165, 4.630, 4.676, 4.874, 4.533, 4.628, 5.027, 4.940, 4.211,    
               4.010, 3.595, 2.690, 2.205, 0.960, 0.054,                         
        S(1) = 0.509, 0.988, 1.042, 1.144, 1.057, 1.104, 1.223, 1.195, 0.918,    
               0.830, 0.671, 0.378, 0.255, 0.048, 0.0001,                        
        R(1) = 0.389, 0.565, 0.579, 0.602, 0.536, 0.541, 0.528, 0.527, 0.483,    
               0.473, 0.421, 0.297, 0.238, 0.099, 0.007,                         
        ZU(1)= 0.423, 0.546, 0.546, 0.570, 0.625, 0.674, 1.008, 0.972, 0.650,    
               0.587, 0.533, 0.413, 0.322, 0.108,-0.092,                         
        ZL(1)=-0.414,-0.699,-0.712,-0.739,-0.628,-0.635,-0.631,-0.617,-0.588,    
              -0.573,-0.519,-0.426,-0.385,-0.212,-0.106,                         
        BNOSE=2.0, BTAIL=1.0,                                                    
        BLN=.25,   BLA=1.0,                                                      
        ITYPE=3.0, METHOD=1.0$                                                   
  $WGPLNF CHRDTP=1.22, CHRDR=2.72,                                               
          SSPNE=5.3, SSPN=5.82,                                                  
          SAVSI=4.5,  CHSTAT=0.0,                                                
          TWISTA=-2.5, DHDADI=6.0,  TYPE=1.0$                                    
 NACA W 4 3312                                                                   
  $HTPLNF TYPE=1.0,    CHRDR=1.6,CHRDTP=0.577,                                   
          SSPNE=1.8, SSPN=2.1, SAVSI=17.5,                                       
          CHSTAT=0.0, TWISTA=0.0, DHDADI=0.0,                                    
          SHB=0., SEXT=0., RLPH=6.66$                                            
 NACA H 4 0009                                                                   
  $VTPLNF TYPE=1.0,   CHRDR=2.313, CHRDTP=0.63,                                  
          SSPNE=1.25, SSPN=1.55,                                                 
          SAVSI=39.0, CHSTAT=0.0$                                                
 NACA V 4 0009                                                                   
 TRIM                                                                            
 CASEID TOTAL: ----- A6M2 Final -----                                            
1          THE FOLLOWING IS A LIST OF ALL INPUT CARDS FOR THIS CASE.
0
 DIM M                                                                           
 DERIV RAD                                                                       
 PART                                                                            
  $FLTCON WT=26000.,                                                             
      LOOP=2.0,                                                                  
      NMACH=1.0, MACH(1)=0.5,                                                    
      NALT=1.0,  ALT(1)=4200.,                                                   
      NALPHA=20.0,                                                               
      ALSCHD(1)= -16.0, -8.0, -6.0, -4.0, -2.0, -1.0, 0.0, 1.0, 2.0,  4.0, 6.0,  
          8.0, 10.0, 12.0, 14.0, 16.0, 18.0, 19.0, 20.0, 21.0,                   
      STMACH=0.7, TSMACH=1.4, TR=1.0$                                            
  $OPTINS ROUGFC=0.25E-3, SREF=22.438, CBARR=2.5, BLREF=12.$                     
  $SYNTHS XCG=-0.18, ZCG=-0.47,                                                  
          XW=-1.13, ZW=-0.384, ALIW=3.5,                                         
          XH= 3.853,ZH=0.0993, ALIH=-3.0,                                        
          XV=3.86, SCALE=1.0, VERTUP=.TRUE.$                                     
  $BODY NX=15.0,                                                                 
        X(1) =-2.191,-1.887,-1.476,-1.278,-0.841,-0.470, 0.000, 0.722, 1.772,    
               2.005, 2.929, 4.109, 4.603, 5.712, 6.285,                         
        P(1) = 3.165, 4.630, 4.676, 4.874, 4.533, 4.628, 5.027, 4.940, 4.211,    
               4.010, 3.595, 2.690, 2.205, 0.960, 0.054,                         
        S(1) = 0.509, 0.988, 1.042, 1.144, 1.057, 1.104, 1.223, 1.195, 0.918,    
               0.830, 0.671, 0.378, 0.255, 0.048, 0.0001,                        
        R(1) = 0.389, 0.565, 0.579, 0.602, 0.536, 0.541, 0.528, 0.527, 0.483,    
               0.473, 0.421, 0.297, 0.238, 0.099, 0.007,                         
        ZU(1)= 0.423, 0.546, 0.546, 0.570, 0.625, 0.674, 1.008, 0.972, 0.650,    
               0.587, 0.533, 0.413, 0.322, 0.108,-0.092,                         
        ZL(1)=-0.414,-0.699,-0.712,-0.739,-0.628,-0.635,-0.631,-0.617,-0.588,    
              -0.573,-0.519,-0.426,-0.385,-0.212,-0.106,                         
        BNOSE=2.0, BTAIL=1.0,                                                    
        BLN=.25,   BLA=1.0,                                                      
        ITYPE=3.0, METHOD=1.0$                                                   
  $WGPLNF CHRDTP=1.22, CHRDR=2.72,                                               
          SSPNE=5.3, SSPN=5.82,                                                  
          SAVSI=4.5,  CHSTAT=0.0,                                                
          TWISTA=-2.5, DHDADI=6.0,  TYPE=1.0$                                    
 NACA W 4 3312                                                                   
 CASEID ----- A6M2 Wing Body -----                                               
 NEXT CASE                                                                       
0 INPUT DIMENSIONS ARE IN M , SCALE FACTOR IS 1.0000

1                             AUTOMATED STABILITY AND CONTROL METHODS PER APRIL 1976 VERSION OF DATCOM   
                                                        WING SECTION DEFINITION
                                                                NACA 3312
     UPPER ABSCISSA     UPPER ORDINATE     LOWER ABSCISSA     LOWER ORDINATE      X-FRACTION CHORD    MEAN LINE    THICKNESS
          .00000             .00000            .00000            .00000               .00000            .00000        .00000
         -.00009             .00565            .00209           -.00525               .00100            .00020        .01111
          .00048             .00806            .00352           -.00727               .00200            .00040        .01563
          .00115             .00994            .00485           -.00875               .00300            .00060        .01906
          .00188             .01155            .00612           -.00996               .00400            .00079        .02192
          .00264             .01298            .00736           -.01099               .00500            .00099        .02443
          .00343             .01428            .00857           -.01190               .00600            .00119        .02668
          .00425             .01548            .00975           -.01271               .00700            .00138        .02873
          .00507             .01661            .01093           -.01345               .00800            .00158        .03063
          .00591             .01768            .01209           -.01413               .00900            .00177        .03240
          .00677             .01869            .01323           -.01476               .01000            .00197        .03407
          .01567             .02706            .02433           -.01933               .02000            .00387        .04720
          .02497             .03365            .03503           -.02225               .03000            .00570        .05680
          .03449             .03927            .04551           -.02434               .04000            .00747        .06455
          .04416             .04423            .05584           -.02590               .05000            .00917        .07109
          .05394             .04869            .06606           -.02709               .06000            .01080        .07675
          .06381             .05276            .07619           -.02802               .07000            .01237        .08173
          .07375             .05648            .08625           -.02875               .08000            .01387        .08614
          .08375             .05991            .09625           -.02931               .09000            .01530        .09010
          .09381             .06308            .10619           -.02975               .10000            .01667        .09366
          .10391             .06601            .11609           -.03008               .11000            .01797        .09686
          .11406             .06873            .12594           -.03033               .12000            .01920        .09976
          .12423             .07123            .13577           -.03050               .13000            .02037        .10239
          .13444             .07355            .14556           -.03062               .14000            .02147        .10476
          .14468             .07569            .15532           -.03069               .15000            .02250        .10690
          .15494             .07765            .16506           -.03072               .16000            .02347        .10884
          .16523             .07945            .17477           -.03071               .17000            .02437        .11057
          .17553             .08109            .18447           -.03069               .18000            .02520        .11213
          .18585             .08258            .19415           -.03064               .19000            .02597        .11352
          .19618             .08392            .20382           -.03058               .20000            .02667        .11475
          .20653             .08511            .21347           -.03051               .21000            .02730        .11583
          .21689             .08617            .22311           -.03044               .22000            .02787        .11677
          .22726             .08709            .23274           -.03036               .23000            .02837        .11758
          .23764             .08788            .24236           -.03028               .24000            .02880        .11826
          .24802             .08855            .25198           -.03021               .25000            .02917        .11882
          .25841             .08908            .26159           -.03015               .26000            .02947        .11927
          .26880             .08950            .27120           -.03010               .27000            .02970        .11961
          .27920             .08979            .28080           -.03005               .28000            .02987        .11985
          .28960             .08996            .29040           -.03003               .29000            .02997        .11999
          .30000             .09002            .30000           -.03002               .30000            .03000        .12003
          .35036             .08933            .34964           -.02964               .35000            .02985        .11897
          .40071             .08741            .39929           -.02864               .40000            .02939        .11606
          .45102             .08442            .44898           -.02718               .45000            .02862        .11161
          .50130             .08048            .49870           -.02537               .50000            .02755        .10588
          .55152             .07567            .54848           -.02333               .55000            .02617        .09905
          .60168             .07009            .59832           -.02111               .60000            .02449        .09127
          .65177             .06379            .64823           -.01879               .65000            .02250        .08265
          .70179             .05680            .69821           -.01639               .70000            .02020        .07328
          .75174             .04916            .74826           -.01395               .75000            .01760        .06321
          .80160             .04088            .79840           -.01149               .80000            .01469        .05246
          .82152             .03739            .81848           -.01050               .82000            .01344        .04798
          .84143             .03379            .83857           -.00950               .84000            .01215        .04339
          .86132             .03010            .85868           -.00850               .86000            .01080        .03869
          .88120             .02630            .87880           -.00749               .88000            .00940        .03388
          .90106             .02240            .89894           -.00648               .90000            .00796        .02895
          .92091             .01839            .91909           -.00546               .92000            .00647        .02392
          .94073             .01427            .93927           -.00443               .94000            .00492        .01876
          .96054             .01005            .95946           -.00338               .96000            .00333        .01347
          .98033             .00571            .97967           -.00233               .98000            .00169        .00806
         1.00000             .00000           1.00000            .00000              1.00000            .00000        .00000
1                             AUTOMATED STABILITY AND CONTROL METHODS PER APRIL 1976 VERSION OF DATCOM   
                                                        WING SECTION DEFINITION
0                                 IDEAL ANGLE OF ATTACK =    .84443 DEG.

                              ZERO LIFT ANGLE OF ATTACK =  -2.59690 DEG.

                                 IDEAL LIFT COEFFICIENT =    .40805

                  ZERO LIFT PITCHING MOMENT COEFFICIENT =   -.06402

                             MACH ZERO LIFT-CURVE-SLOPE =    .09666 /DEG.

                                    LEADING EDGE RADIUS =    .01587 FRACTION CHORD

                              MAXIMUM AIRFOIL THICKNESS =    .12000 FRACTION CHORD

                                                DELTA-Y =   3.16898 PERCENT CHORD


0                         MACH=  .5000 LIFT-CURVE-SLOPE =    .10760 /DEG.      XAC =    .26302
1                               AUTOMATED STABILITY AND CONTROL METHODS PER APRIL 1976 VERSION OF DATCOM
                                         CHARACTERISTICS AT ANGLE OF ATTACK AND IN SIDESLIP
                                                       WING-BODY CONFIGURATION
                                                    ----- A6M2 Wing Body -----
 
 -----------------------  FLIGHT CONDITIONS  ------------------------           --------------  REFERENCE DIMENSIONS  ------------
  MACH    ALTITUDE   VELOCITY    PRESSURE    TEMPERATURE     REYNOLDS             REF.      REFERENCE LENGTH   MOMENT REF. CENTER
 NUMBER                                                       NUMBER              AREA       LONG.     LAT.     HORIZ      VERT
              M        M/SEC      N/ M**2       DEG K         1/ M                M**2         M         M         M         M
0  .500    4200.00     161.87   6.0072E+04     260.868     7.8129E+06            22.438      2.500    12.000     -.180     -.470
0                                                               -------------------DERIVATIVE (PER RADIAN)-------------------
0 ALPHA     CD       CL       CM       CN       CA       XCP        CLA          CMA          CYB          CNB          CLB
0
  -16.0     .065    -.982    -.1464   -.961    -.208     .152    5.016E+00    5.426E-01   -1.600E-01   -3.343E-02   -3.747E-02
   -8.0     .016    -.287    -.0738   -.287    -.024     .258    4.931E+00    4.972E-01                             -5.157E-02
   -6.0     .012    -.115    -.0567   -.116     .000     .488    4.865E+00    4.823E-01                             -5.506E-02
   -4.0     .012     .052    -.0401    .052     .015    -.779    4.860E+00    4.768E-01                             -5.847E-02
   -2.0     .015     .224    -.0234    .223     .023    -.105    4.979E+00    4.845E-01                             -6.195E-02
   -1.0     .017     .311    -.0149    .311     .023    -.048    5.055E+00    4.880E-01                             -6.372E-02
     .0     .021     .400    -.0063    .400     .021    -.016    5.125E+00    4.907E-01                             -6.553E-02
    1.0     .026     .490     .0023    .491     .017     .005    5.177E+00    4.927E-01                             -6.736E-02
    2.0     .032     .581     .0109    .582     .011     .019    5.216E+00    4.939E-01                             -6.920E-02
    4.0     .046     .764     .0281    .766    -.008     .037    4.991E+00    4.668E-01                             -7.292E-02
    6.0     .061     .930     .0435    .931    -.036     .047    4.257E+00    3.951E-01                             -7.627E-02
    8.0     .076    1.061     .0557   1.062    -.073     .052    3.276E+00    3.082E-01                             -7.895E-02
   10.0     .088    1.158     .0650   1.156    -.115     .056    2.282E+00    2.223E-01                             -8.092E-02
   12.0     .096    1.221     NA      1.214    -.160    NA      -3.036E-01      NA                                  -8.219E-02
   14.0     .083    1.137     NA      1.123    -.195    NA      -3.202E+00      NA                                  -8.049E-02
   16.0     .068     .997     NA       .977    -.210    NA      -3.579E+00      NA                                  -7.765E-02
   18.0     .059     .887     NA       .862    -.218    NA      -2.531E+00      NA                                  -7.541E-02
   19.0     .057     .848     NA       .821    -.222    NA      -2.124E+00      NA                                  -7.463E-02
   20.0     .055     .813     NA       .783    -.226    NA      -1.912E+00      NA                                  -7.391E-02
   21.0     .053     .782     NA       .749    -.230    NA      -1.676E+00      NA                                  -7.327E-02
0*** NA PRINTED WHEN METHOD NOT APPLICABLE
0*** VEHICLE WEIGHT =  26000.00 N. 
0*** LEVEL FLIGHT LIFT COEFFICIENT =  .49030
1                             AUTOMATED STABILITY AND CONTROL METHODS PER APRIL 1976 VERSION OF DATCOM
                                             CONFIGURATION AUXILIARY AND PARTIAL OUTPUT
                                                       WING-BODY CONFIGURATION
                                                    ----- A6M2 Wing Body -----
 -----------------------  FLIGHT CONDITIONS  ------------------------           --------------  REFERENCE DIMENSIONS  ------------
  MACH    ALTITUDE   VELOCITY    PRESSURE    TEMPERATURE     REYNOLDS             REF.      REFERENCE LENGTH   MOMENT REF. CENTER
 NUMBER                                                       NUMBER              AREA       LONG.     LAT.     HORIZ      VERT
              M        M/SEC      N/ M**2       DEG K         1/ M                M**2         M         M         M         M
0  .500    4200.00     161.87   6.0072E+04     260.868     7.8129E+06            22.438      2.500    12.000     -.180     -.470


                                                       BASIC BODY PROPERTIES

            WETTED AREA      XCG     ZCG     BASE AREA     ZERO LIFT DRAG   BASE DRAG   FRICTION DRAG   PRESSURE DRAG
              .2979E+02     -.18    -.47        .3669         .4524E-02     .1025E-02     .3499E-02         NA  


                                         XCG RELATIVE TO THEORETICAL LEADING EDGE MAC=    .75


                                                       BASIC PLANFORM PROPERTIES

                                    TAPER     ASPECT   QUARTER CHORD             QUARTER CHORD              ZERO LIFT    FRICTION
                         AREA       RATIO      RATIO       SWEEP        MAC        X(MAC)       Y(MAC)        DRAG     COEFFICIENT
0      WING
   TOTAL THEORITICAL
+                      .2293E+02     .449     .5909E+01      .817     .207E+01    -.414E+00     .254E+01                       
       TOTAL EXPOSED
+                      .2017E+02     .472     .5570E+01      .817     .198E+01    -.409E+00     .285E+01     .643E-02     .272E-02
0*** NA PRINTED WHEN METHOD NOT APPLICABLE
1                             AUTOMATED STABILITY AND CONTROL METHODS PER APRIL 1976 VERSION OF DATCOM
                                             CONFIGURATION AUXILIARY AND PARTIAL OUTPUT
                                                       WING-BODY CONFIGURATION
                                                    ----- A6M2 Wing Body -----
 -----------------------  FLIGHT CONDITIONS  ------------------------           --------------  REFERENCE DIMENSIONS  ------------
  MACH    ALTITUDE   VELOCITY    PRESSURE    TEMPERATURE     REYNOLDS             REF.      REFERENCE LENGTH   MOMENT REF. CENTER
 NUMBER                                                       NUMBER              AREA       LONG.     LAT.     HORIZ      VERT
              M        M/SEC      N/ M**2       DEG K         1/ M                M**2         M         M         M         M
0  .500    4200.00     161.87   6.0072E+04     260.868     7.8129E+06            22.438      2.500    12.000     -.180     -.470
0          CLA-B(W)= 7.945E-03     CLA-W(B)= 7.329E-02     K-B(W)= 1.162E-01     K-W(B)= 1.071E+00     XAC/C-B(W)= 2.629E-01



                ALPHA         IV-B(W)          IV-W(H)          IV-B(H)          GAMMA/                  GAMMA/
                                                                              2*PI*ALPHA*V*R         (2*PI*ALPHA*V*R)T
               -16.000        .0000E+00          NA               NA               NDM                      NA  
                -8.000        .0000E+00          NA               NA               NDM                      NA  
                -6.000        .0000E+00          NA               NA               NDM                      NA  
                -4.000        .0000E+00          NA               NA             .0000E+00                  NA  
                -2.000        .0000E+00          NA               NA             .0000E+00                  NA  
                -1.000        .0000E+00          NA               NA             .0000E+00                  NA  
                  .000        .0000E+00          NA               NA             .0000E+00                  NA  
                 1.000        .0000E+00          NA               NA             .0000E+00                  NA  
                 2.000        .0000E+00          NA               NA             .0000E+00                  NA  
                 4.000        .0000E+00          NA               NA             .0000E+00                  NA  
                 6.000        .0000E+00          NA               NA               NDM                      NA  
                 8.000        .0000E+00          NA               NA               NDM                      NA  
                10.000        .0000E+00          NA               NA               NDM                      NA  
                12.000        .0000E+00          NA               NA               NDM                      NA  
                14.000        .0000E+00          NA               NA               NDM                      NA  
                16.000        .0000E+00          NA               NA               NDM                      NA  
                18.000        .0000E+00          NA               NA               NDM                      NA  
                19.000        .0000E+00          NA               NA               NDM                      NA  
                20.000        .0000E+00          NA               NA               NDM                      NA  
                21.000        .0000E+00          NA               NA               NDM                      NA  
0*** NDM PRINTED WHEN NO DATCOM METHODS EXIST
0*** NA PRINTED WHEN METHOD NOT APPLICABLE
1
1          THE FOLLOWING IS A LIST OF ALL INPUT CARDS FOR THIS CASE.
0
 DIM M                                                                           
 DERIV RAD                                                                       
 PART                                                                            
  $FLTCON WT=26000.,                                                             
      LOOP=2.0,                                                                  
      NMACH=1.0, MACH(1)=0.5,                                                    
      NALT=1.0,  ALT(1)=4200.,                                                   
      NALPHA=20.0,                                                               
      ALSCHD(1)= -16.0, -8.0, -6.0, -4.0, -2.0, -1.0, 0.0, 1.0, 2.0,  4.0, 6.0,  
          8.0, 10.0, 12.0, 14.0, 16.0, 18.0, 19.0, 20.0, 21.0,                   
      STMACH=0.7, TSMACH=1.4, TR=1.0$                                            
  $OPTINS ROUGFC=0.25E-3, SREF=22.438, CBARR=2.5, BLREF=12.$                     
  $SYNTHS XCG=-0.18, ZCG=-0.47,                                                  
          XW=-1.13, ZW=-0.384, ALIW=3.5,                                         
          XH= 3.853,ZH=0.0993, ALIH=-3.0,                                        
          XV=3.86, SCALE=1.0, VERTUP=.TRUE.$                                     
  $BODY NX=15.0,                                                                 
        X(1) =-2.191,-1.887,-1.476,-1.278,-0.841,-0.470, 0.000, 0.722, 1.772,    
               2.005, 2.929, 4.109, 4.603, 5.712, 6.285,                         
        P(1) = 3.165, 4.630, 4.676, 4.874, 4.533, 4.628, 5.027, 4.940, 4.211,    
               4.010, 3.595, 2.690, 2.205, 0.960, 0.054,                         
        S(1) = 0.509, 0.988, 1.042, 1.144, 1.057, 1.104, 1.223, 1.195, 0.918,    
               0.830, 0.671, 0.378, 0.255, 0.048, 0.0001,                        
        R(1) = 0.389, 0.565, 0.579, 0.602, 0.536, 0.541, 0.528, 0.527, 0.483,    
               0.473, 0.421, 0.297, 0.238, 0.099, 0.007,                         
        ZU(1)= 0.423, 0.546, 0.546, 0.570, 0.625, 0.674, 1.008, 0.972, 0.650,    
               0.587, 0.533, 0.413, 0.322, 0.108,-0.092,                         
        ZL(1)=-0.414,-0.699,-0.712,-0.739,-0.628,-0.635,-0.631,-0.617,-0.588,    
              -0.573,-0.519,-0.426,-0.385,-0.212,-0.106,                         
        BNOSE=2.0, BTAIL=1.0,                                                    
        BLN=.25,   BLA=1.0,                                                      
        ITYPE=3.0, METHOD=1.0$                                                   
  $WGPLNF CHRDTP=1.22, CHRDR=2.72,                                               
          SSPNE=5.3, SSPN=5.82,                                                  
          SAVSI=4.5,  CHSTAT=0.0,                                                
          TWISTA=-2.5, DHDADI=6.0,  TYPE=1.0$                                    
 NACA W 4 3312                                                                   
  $HTPLNF TYPE=1.0,    CHRDR=1.6,CHRDTP=0.577,                                   
          SSPNE=1.8, SSPN=2.1, SAVSI=17.5,                                       
          CHSTAT=0.0, TWISTA=0.0, DHDADI=0.0,                                    
          SHB=0., SEXT=0., RLPH=6.66$                                            
 NACA H 4 0009                                                                   
  $VTPLNF TYPE=1.0,   CHRDR=2.313, CHRDTP=0.63,                                  
          SSPNE=1.25, SSPN=1.55,                                                 
          SAVSI=39.0, CHSTAT=0.0$                                                
 NACA V 4 0009                                                                   
 TRIM                                                                            
 CASEID TOTAL: ----- A6M2 Final -----                                            
0 INPUT DIMENSIONS ARE IN M , SCALE FACTOR IS 1.0000

1                             AUTOMATED STABILITY AND CONTROL METHODS PER APRIL 1976 VERSION OF DATCOM   
                                                        WING SECTION DEFINITION
                                                                NACA 3312
     UPPER ABSCISSA     UPPER ORDINATE     LOWER ABSCISSA     LOWER ORDINATE      X-FRACTION CHORD    MEAN LINE    THICKNESS
          .00000             .00000            .00000            .00000               .00000            .00000        .00000
         -.00009             .00565            .00209           -.00525               .00100            .00020        .01111
          .00048             .00806            .00352           -.00727               .00200            .00040        .01563
          .00115             .00994            .00485           -.00875               .00300            .00060        .01906
          .00188             .01155            .00612           -.00996               .00400            .00079        .02192
          .00264             .01298            .00736           -.01099               .00500            .00099        .02443
          .00343             .01428            .00857           -.01190               .00600            .00119        .02668
          .00425             .01548            .00975           -.01271               .00700            .00138        .02873
          .00507             .01661            .01093           -.01345               .00800            .00158        .03063
          .00591             .01768            .01209           -.01413               .00900            .00177        .03240
          .00677             .01869            .01323           -.01476               .01000            .00197        .03407
          .01567             .02706            .02433           -.01933               .02000            .00387        .04720
          .02497             .03365            .03503           -.02225               .03000            .00570        .05680
          .03449             .03927            .04551           -.02434               .04000            .00747        .06455
          .04416             .04423            .05584           -.02590               .05000            .00917        .07109
          .05394             .04869            .06606           -.02709               .06000            .01080        .07675
          .06381             .05276            .07619           -.02802               .07000            .01237        .08173
          .07375             .05648            .08625           -.02875               .08000            .01387        .08614
          .08375             .05991            .09625           -.02931               .09000            .01530        .09010
          .09381             .06308            .10619           -.02975               .10000            .01667        .09366
          .10391             .06601            .11609           -.03008               .11000            .01797        .09686
          .11406             .06873            .12594           -.03033               .12000            .01920        .09976
          .12423             .07123            .13577           -.03050               .13000            .02037        .10239
          .13444             .07355            .14556           -.03062               .14000            .02147        .10476
          .14468             .07569            .15532           -.03069               .15000            .02250        .10690
          .15494             .07765            .16506           -.03072               .16000            .02347        .10884
          .16523             .07945            .17477           -.03071               .17000            .02437        .11057
          .17553             .08109            .18447           -.03069               .18000            .02520        .11213
          .18585             .08258            .19415           -.03064               .19000            .02597        .11352
          .19618             .08392            .20382           -.03058               .20000            .02667        .11475
          .20653             .08511            .21347           -.03051               .21000            .02730        .11583
          .21689             .08617            .22311           -.03044               .22000            .02787        .11677
          .22726             .08709            .23274           -.03036               .23000            .02837        .11758
          .23764             .08788            .24236           -.03028               .24000            .02880        .11826
          .24802             .08855            .25198           -.03021               .25000            .02917        .11882
          .25841             .08908            .26159           -.03015               .26000            .02947        .11927
          .26880             .08950            .27120           -.03010               .27000            .02970        .11961
          .27920             .08979            .28080           -.03005               .28000            .02987        .11985
          .28960             .08996            .29040           -.03003               .29000            .02997        .11999
          .30000             .09002            .30000           -.03002               .30000            .03000        .12003
          .35036             .08933            .34964           -.02964               .35000            .02985        .11897
          .40071             .08741            .39929           -.02864               .40000            .02939        .11606
          .45102             .08442            .44898           -.02718               .45000            .02862        .11161
          .50130             .08048            .49870           -.02537               .50000            .02755        .10588
          .55152             .07567            .54848           -.02333               .55000            .02617        .09905
          .60168             .07009            .59832           -.02111               .60000            .02449        .09127
          .65177             .06379            .64823           -.01879               .65000            .02250        .08265
          .70179             .05680            .69821           -.01639               .70000            .02020        .07328
          .75174             .04916            .74826           -.01395               .75000            .01760        .06321
          .80160             .04088            .79840           -.01149               .80000            .01469        .05246
          .82152             .03739            .81848           -.01050               .82000            .01344        .04798
          .84143             .03379            .83857           -.00950               .84000            .01215        .04339
          .86132             .03010            .85868           -.00850               .86000            .01080        .03869
          .88120             .02630            .87880           -.00749               .88000            .00940        .03388
          .90106             .02240            .89894           -.00648               .90000            .00796        .02895
          .92091             .01839            .91909           -.00546               .92000            .00647        .02392
          .94073             .01427            .93927           -.00443               .94000            .00492        .01876
          .96054             .01005            .95946           -.00338               .96000            .00333        .01347
          .98033             .00571            .97967           -.00233               .98000            .00169        .00806
         1.00000             .00000           1.00000            .00000              1.00000            .00000        .00000
1                             AUTOMATED STABILITY AND CONTROL METHODS PER APRIL 1976 VERSION OF DATCOM   
                                                        WING SECTION DEFINITION
0                                 IDEAL ANGLE OF ATTACK =    .84443 DEG.

                              ZERO LIFT ANGLE OF ATTACK =  -2.59690 DEG.

                                 IDEAL LIFT COEFFICIENT =    .40805

                  ZERO LIFT PITCHING MOMENT COEFFICIENT =   -.06402

                             MACH ZERO LIFT-CURVE-SLOPE =    .09666 /DEG.

                                    LEADING EDGE RADIUS =    .01587 FRACTION CHORD

                              MAXIMUM AIRFOIL THICKNESS =    .12000 FRACTION CHORD

                                                DELTA-Y =   3.16898 PERCENT CHORD


0                         MACH=  .5000 LIFT-CURVE-SLOPE =    .10760 /DEG.      XAC =    .26302
1                             AUTOMATED STABILITY AND CONTROL METHODS PER APRIL 1976 VERSION OF DATCOM   
                                                   HORIZONTAL TAIL SECTION DEFINITION
                                                                NACA 0009
     UPPER ABSCISSA     UPPER ORDINATE     LOWER ABSCISSA     LOWER ORDINATE      X-FRACTION CHORD    MEAN LINE    THICKNESS
          .00000             .00000            .00000            .00000               .00000            .00000        .00000
          .00100             .00417            .00100           -.00417               .00100            .00000        .00834
          .00200             .00586            .00200           -.00586               .00200            .00000        .01172
          .00300             .00715            .00300           -.00715               .00300            .00000        .01429
          .00400             .00822            .00400           -.00822               .00400            .00000        .01644
          .00500             .00916            .00500           -.00916               .00500            .00000        .01832
          .00600             .01000            .00600           -.01000               .00600            .00000        .02001
          .00700             .01077            .00700           -.01077               .00700            .00000        .02155
          .00800             .01149            .00800           -.01149               .00800            .00000        .02297
          .00900             .01215            .00900           -.01215               .00900            .00000        .02430
          .01000             .01278            .01000           -.01278               .01000            .00000        .02556
          .02000             .01770            .02000           -.01770               .02000            .00000        .03540
          .03000             .02130            .03000           -.02130               .03000            .00000        .04260
          .04000             .02421            .04000           -.02421               .04000            .00000        .04842
          .05000             .02666            .05000           -.02666               .05000            .00000        .05332
          .06000             .02878            .06000           -.02878               .06000            .00000        .05756
          .07000             .03065            .07000           -.03065               .07000            .00000        .06129
          .08000             .03230            .08000           -.03230               .08000            .00000        .06461
          .09000             .03379            .09000           -.03379               .09000            .00000        .06757
          .10000             .03512            .10000           -.03512               .10000            .00000        .07024
          .11000             .03632            .11000           -.03632               .11000            .00000        .07265
          .12000             .03741            .12000           -.03741               .12000            .00000        .07482
          .13000             .03840            .13000           -.03840               .13000            .00000        .07679
          .14000             .03928            .14000           -.03928               .14000            .00000        .07857
          .15000             .04009            .15000           -.04009               .15000            .00000        .08018
          .16000             .04081            .16000           -.04081               .16000            .00000        .08163
          .17000             .04147            .17000           -.04147               .17000            .00000        .08293
          .18000             .04205            .18000           -.04205               .18000            .00000        .08410
          .19000             .04257            .19000           -.04257               .19000            .00000        .08514
          .20000             .04303            .20000           -.04303               .20000            .00000        .08606
          .21000             .04344            .21000           -.04344               .21000            .00000        .08687
          .22000             .04379            .22000           -.04379               .22000            .00000        .08758
          .23000             .04409            .23000           -.04409               .23000            .00000        .08819
          .24000             .04435            .24000           -.04435               .24000            .00000        .08870
          .25000             .04456            .25000           -.04456               .25000            .00000        .08912
          .26000             .04473            .26000           -.04473               .26000            .00000        .08946
          .27000             .04486            .27000           -.04486               .27000            .00000        .08971
          .28000             .04494            .28000           -.04494               .28000            .00000        .08989
          .29000             .04500            .29000           -.04500               .29000            .00000        .08999
          .30000             .04501            .30000           -.04501               .30000            .00000        .09003
          .35000             .04461            .35000           -.04461               .35000            .00000        .08923
          .40000             .04352            .40000           -.04352               .40000            .00000        .08705
          .45000             .04186            .45000           -.04186               .45000            .00000        .08371
          .50000             .03971            .50000           -.03971               .50000            .00000        .07941
          .55000             .03714            .55000           -.03714               .55000            .00000        .07429
          .60000             .03423            .60000           -.03423               .60000            .00000        .06845
          .65000             .03099            .65000           -.03099               .65000            .00000        .06199
          .70000             .02748            .70000           -.02748               .70000            .00000        .05496
          .75000             .02370            .75000           -.02370               .75000            .00000        .04740
          .80000             .01967            .80000           -.01967               .80000            .00000        .03935
          .82000             .01799            .82000           -.01799               .82000            .00000        .03598
          .84000             .01627            .84000           -.01627               .84000            .00000        .03254
          .86000             .01451            .86000           -.01451               .86000            .00000        .02902
          .88000             .01270            .88000           -.01270               .88000            .00000        .02541
          .90000             .01086            .90000           -.01086               .90000            .00000        .02172
          .92000             .00897            .92000           -.00897               .92000            .00000        .01794
          .94000             .00703            .94000           -.00703               .94000            .00000        .01407
          .96000             .00505            .96000           -.00505               .96000            .00000        .01011
          .98000             .00302            .98000           -.00302               .98000            .00000        .00605
         1.00000             .00000           1.00000            .00000              1.00000            .00000        .00000
1                             AUTOMATED STABILITY AND CONTROL METHODS PER APRIL 1976 VERSION OF DATCOM   
                                                   HORIZONTAL TAIL SECTION DEFINITION
0                                 IDEAL ANGLE OF ATTACK =    .00000 DEG.

                              ZERO LIFT ANGLE OF ATTACK =    .00000 DEG.

                                 IDEAL LIFT COEFFICIENT =    .00000

                  ZERO LIFT PITCHING MOMENT COEFFICIENT =    .00000

                             MACH ZERO LIFT-CURVE-SLOPE =    .09830 /DEG.

                                    LEADING EDGE RADIUS =    .00893 FRACTION CHORD

                              MAXIMUM AIRFOIL THICKNESS =    .09000 FRACTION CHORD

                                                DELTA-Y =   2.37673 PERCENT CHORD


0                         MACH=  .5000 LIFT-CURVE-SLOPE =    .11176 /DEG.      XAC =    .25831
1                             AUTOMATED STABILITY AND CONTROL METHODS PER APRIL 1976 VERSION OF DATCOM   
                                                    VERTICAL TAIL SECTION DEFINITION
                                                                NACA 0009
     UPPER ABSCISSA     UPPER ORDINATE     LOWER ABSCISSA     LOWER ORDINATE      X-FRACTION CHORD    MEAN LINE    THICKNESS
          .00000             .00000            .00000            .00000               .00000            .00000        .00000
          .00100             .00417            .00100           -.00417               .00100            .00000        .00834
          .00200             .00586            .00200           -.00586               .00200            .00000        .01172
          .00300             .00715            .00300           -.00715               .00300            .00000        .01429
          .00400             .00822            .00400           -.00822               .00400            .00000        .01644
          .00500             .00916            .00500           -.00916               .00500            .00000        .01832
          .00600             .01000            .00600           -.01000               .00600            .00000        .02001
          .00700             .01077            .00700           -.01077               .00700            .00000        .02155
          .00800             .01149            .00800           -.01149               .00800            .00000        .02297
          .00900             .01215            .00900           -.01215               .00900            .00000        .02430
          .01000             .01278            .01000           -.01278               .01000            .00000        .02556
          .02000             .01770            .02000           -.01770               .02000            .00000        .03540
          .03000             .02130            .03000           -.02130               .03000            .00000        .04260
          .04000             .02421            .04000           -.02421               .04000            .00000        .04842
          .05000             .02666            .05000           -.02666               .05000            .00000        .05332
          .06000             .02878            .06000           -.02878               .06000            .00000        .05756
          .07000             .03065            .07000           -.03065               .07000            .00000        .06129
          .08000             .03230            .08000           -.03230               .08000            .00000        .06461
          .09000             .03379            .09000           -.03379               .09000            .00000        .06757
          .10000             .03512            .10000           -.03512               .10000            .00000        .07024
          .11000             .03632            .11000           -.03632               .11000            .00000        .07265
          .12000             .03741            .12000           -.03741               .12000            .00000        .07482
          .13000             .03840            .13000           -.03840               .13000            .00000        .07679
          .14000             .03928            .14000           -.03928               .14000            .00000        .07857
          .15000             .04009            .15000           -.04009               .15000            .00000        .08018
          .16000             .04081            .16000           -.04081               .16000            .00000        .08163
          .17000             .04147            .17000           -.04147               .17000            .00000        .08293
          .18000             .04205            .18000           -.04205               .18000            .00000        .08410
          .19000             .04257            .19000           -.04257               .19000            .00000        .08514
          .20000             .04303            .20000           -.04303               .20000            .00000        .08606
          .21000             .04344            .21000           -.04344               .21000            .00000        .08687
          .22000             .04379            .22000           -.04379               .22000            .00000        .08758
          .23000             .04409            .23000           -.04409               .23000            .00000        .08819
          .24000             .04435            .24000           -.04435               .24000            .00000        .08870
          .25000             .04456            .25000           -.04456               .25000            .00000        .08912
          .26000             .04473            .26000           -.04473               .26000            .00000        .08946
          .27000             .04486            .27000           -.04486               .27000            .00000        .08971
          .28000             .04494            .28000           -.04494               .28000            .00000        .08989
          .29000             .04500            .29000           -.04500               .29000            .00000        .08999
          .30000             .04501            .30000           -.04501               .30000            .00000        .09003
          .35000             .04461            .35000           -.04461               .35000            .00000        .08923
          .40000             .04352            .40000           -.04352               .40000            .00000        .08705
          .45000             .04186            .45000           -.04186               .45000            .00000        .08371
          .50000             .03971            .50000           -.03971               .50000            .00000        .07941
          .55000             .03714            .55000           -.03714               .55000            .00000        .07429
          .60000             .03423            .60000           -.03423               .60000            .00000        .06845
          .65000             .03099            .65000           -.03099               .65000            .00000        .06199
          .70000             .02748            .70000           -.02748               .70000            .00000        .05496
          .75000             .02370            .75000           -.02370               .75000            .00000        .04740
          .80000             .01967            .80000           -.01967               .80000            .00000        .03935
          .82000             .01799            .82000           -.01799               .82000            .00000        .03598
          .84000             .01627            .84000           -.01627               .84000            .00000        .03254
          .86000             .01451            .86000           -.01451               .86000            .00000        .02902
          .88000             .01270            .88000           -.01270               .88000            .00000        .02541
          .90000             .01086            .90000           -.01086               .90000            .00000        .02172
          .92000             .00897            .92000           -.00897               .92000            .00000        .01794
          .94000             .00703            .94000           -.00703               .94000            .00000        .01407
          .96000             .00505            .96000           -.00505               .96000            .00000        .01011
          .98000             .00302            .98000           -.00302               .98000            .00000        .00605
         1.00000             .00000           1.00000            .00000              1.00000            .00000        .00000
1                             AUTOMATED STABILITY AND CONTROL METHODS PER APRIL 1976 VERSION OF DATCOM   
                                                    VERTICAL TAIL SECTION DEFINITION
0                                 IDEAL ANGLE OF ATTACK =    .00000 DEG.

                              ZERO LIFT ANGLE OF ATTACK =    .00000 DEG.

                                 IDEAL LIFT COEFFICIENT =    .00000

                  ZERO LIFT PITCHING MOMENT COEFFICIENT =    .00000

                             MACH ZERO LIFT-CURVE-SLOPE =    .09830 /DEG.

                                    LEADING EDGE RADIUS =    .00893 FRACTION CHORD

                              MAXIMUM AIRFOIL THICKNESS =    .09000 FRACTION CHORD

                                                DELTA-Y =   2.37673 PERCENT CHORD


0                         MACH=  .5000 LIFT-CURVE-SLOPE =    .11176 /DEG.      XAC =    .25831
1                               AUTOMATED STABILITY AND CONTROL METHODS PER APRIL 1976 VERSION OF DATCOM
                                         CHARACTERISTICS AT ANGLE OF ATTACK AND IN SIDESLIP
                                        WING-BODY-VERTICAL TAIL-HORIZONTAL TAIL CONFIGURATION
                                                   TOTAL: ----- A6M2 Final -----
 
 -----------------------  FLIGHT CONDITIONS  ------------------------           --------------  REFERENCE DIMENSIONS  ------------
  MACH    ALTITUDE   VELOCITY    PRESSURE    TEMPERATURE     REYNOLDS             REF.      REFERENCE LENGTH   MOMENT REF. CENTER
 NUMBER                                                       NUMBER              AREA       LONG.     LAT.     HORIZ      VERT
              M        M/SEC      N/ M**2       DEG K         1/ M                M**2         M         M         M         M
0  .500    4200.00     161.87   6.0072E+04     260.868     7.8129E+06            22.438      2.500    12.000     -.180     -.470
0                                                               -------------------DERIVATIVE (PER RADIAN)-------------------
0 ALPHA     CD       CL       CM       CN       CA       XCP        CLA          CMA          CYB          CNB          CLB
0
  -16.0     .093   -1.154     .1743  -1.135    -.228    -.154    5.081E+00    3.945E-01   -3.542E-01    4.811E-02   -7.141E-02
   -8.0     .028    -.418     .1692   -.418    -.030    -.405    5.289E+00   -1.697E-01                             -7.650E-02
   -6.0     .021    -.233     .1621   -.234    -.003    -.692    5.235E+00   -2.054E-01                             -7.794E-02
   -4.0     .018    -.052     .1548   -.054     .014   -2.889    5.215E+00   -1.800E-01                             -7.934E-02
   -2.0     .018     .131     .1495    .130     .023    1.149    5.308E+00   -1.228E-01                             -8.078E-02
   -1.0     .020     .224     .1476    .224     .024     .660    5.371E+00   -9.422E-02                             -8.152E-02
     .0     .023     .318     .1462    .318     .023     .459    5.450E+00   -1.067E-01                             -8.228E-02
    1.0     .026     .414     .1439    .415     .019     .347    5.517E+00   -1.344E-01                             -8.305E-02
    2.0     .031     .511     .1415    .512     .014     .277    5.561E+00   -1.423E-01                             -8.382E-02
    4.0     .045     .706     .1361    .708    -.005     .192    5.363E+00   -2.209E-01                             -8.537E-02
    6.0     .060     .885     .1261    .887    -.033     .142    4.686E+00   -4.018E-01                             -8.657E-02
    8.0     .075    1.034     .1081   1.034    -.070     .105    3.775E+00   -6.265E-01                             -8.710E-02
   10.0     .088    1.149     .0824   1.147    -.113     .072    2.859E+00   -8.454E-01                             -8.692E-02
   12.0     .098    1.233     NA      1.227    -.160    NA       4.181E-01      NA                                  -8.605E-02
   14.0     .089    1.178     NA      1.165    -.199    NA      -2.298E+00      NA                                  -8.214E-02
   16.0     .079    1.073     NA      1.053    -.220    NA      -2.752E+00      NA                                  -7.692E-02
   18.0     .075     .986     NA       .961    -.234    NA      -1.556E+00      NA                                  -7.214E-02
   19.0     .076     .967     NA       .939    -.243    NA      -9.342E-01      NA                                  -7.002E-02
   20.0     .078     .953     NA       .923    -.253    NA      -9.132E-01      NA                                  -6.798E-02
   21.0     .080     .935     NA       .902    -.261    NA      -1.185E+00      NA                                  -6.606E-02
0                                    ALPHA     Q/QINF    EPSLON  D(EPSLON)/D(ALPHA)
0
                                    -16.0      1.000     -5.988         .535
                                     -8.0      1.000     -1.706         .567
                                     -6.0      1.000      -.556         .578
                                     -4.0      1.000       .608         .594
                                     -2.0      1.000      1.821         .621
                                     -1.0      1.000      2.449         .636
                                       .0      1.000      3.093         .626
                                      1.0      1.000      3.702         .607
                                      2.0      1.000      4.306         .599
                                      4.0      1.000      5.482         .562
                                      6.0      1.000      6.553         .488
                                      8.0      1.000      7.433         .392
                                     10.0      1.000      8.120         .283
                                     12.0      1.000      8.566         .111
                                     14.0      1.000      8.564        -.109
                                     16.0       .979      8.131        -.165
                                     18.0       .893      7.903         .047
                                     19.0       .957      8.031        -.008
                                     20.0      1.000      7.887        -.045
                                     21.0      1.000      7.941         .053
0*** NA PRINTED WHEN METHOD NOT APPLICABLE
0*** VEHICLE WEIGHT =  26000.00 N. 
0*** LEVEL FLIGHT LIFT COEFFICIENT =  .49030
1                             AUTOMATED STABILITY AND CONTROL METHODS PER APRIL 1976 VERSION OF DATCOM
                                             CONFIGURATION AUXILIARY AND PARTIAL OUTPUT
                                        WING-BODY-VERTICAL TAIL-HORIZONTAL TAIL CONFIGURATION
                                                   TOTAL: ----- A6M2 Final -----
 -----------------------  FLIGHT CONDITIONS  ------------------------           --------------  REFERENCE DIMENSIONS  ------------
  MACH    ALTITUDE   VELOCITY    PRESSURE    TEMPERATURE     REYNOLDS             REF.      REFERENCE LENGTH   MOMENT REF. CENTER
 NUMBER                                                       NUMBER              AREA       LONG.     LAT.     HORIZ      VERT
              M        M/SEC      N/ M**2       DEG K         1/ M                M**2         M         M         M         M
0  .500    4200.00     161.87   6.0072E+04     260.868     7.8129E+06            22.438      2.500    12.000     -.180     -.470


                                                       BASIC BODY PROPERTIES

            WETTED AREA      XCG     ZCG     BASE AREA     ZERO LIFT DRAG   BASE DRAG   FRICTION DRAG   PRESSURE DRAG
              .2979E+02     -.18    -.47        .3669         .4524E-02     .1025E-02     .3499E-02         NA  


                                         XCG RELATIVE TO THEORETICAL LEADING EDGE MAC=    .75


                                                       BASIC PLANFORM PROPERTIES

                                    TAPER     ASPECT   QUARTER CHORD             QUARTER CHORD              ZERO LIFT    FRICTION
                         AREA       RATIO      RATIO       SWEEP        MAC        X(MAC)       Y(MAC)        DRAG     COEFFICIENT
0      WING
   TOTAL THEORITICAL
+                      .2293E+02     .449     .5909E+01      .817     .207E+01    -.414E+00     .254E+01                       
       TOTAL EXPOSED
+                      .2017E+02     .472     .5570E+01      .817     .198E+01    -.409E+00     .285E+01     .643E-02     .272E-02
0  HORIZONTAL TAIL
   TOTAL THEORITICAL
+                      .4572E+01     .361     .3859E+01    10.952     .117E+01     .442E+01     .886E+00                       
       TOTAL EXPOSED
+                      .3656E+01     .397     .3545E+01    10.952     .108E+01     .446E+01     .107E+01     .122E-02     .300E-02
0   VERTICAL TAIL
   TOTAL THEORITICAL
+                      .2281E+01     .272     .1053E+01    28.295     .163E+01     .478E+01     .627E+00                       
       TOTAL EXPOSED
+                      .1636E+01     .317     .9552E+00    28.295     .143E+01     .488E+01     .817E+00     .521E-03     .287E-02
0*** NA PRINTED WHEN METHOD NOT APPLICABLE
1                             AUTOMATED STABILITY AND CONTROL METHODS PER APRIL 1976 VERSION OF DATCOM
                                             CONFIGURATION AUXILIARY AND PARTIAL OUTPUT
                                        WING-BODY-VERTICAL TAIL-HORIZONTAL TAIL CONFIGURATION
                                                   TOTAL: ----- A6M2 Final -----
 -----------------------  FLIGHT CONDITIONS  ------------------------           --------------  REFERENCE DIMENSIONS  ------------
  MACH    ALTITUDE   VELOCITY    PRESSURE    TEMPERATURE     REYNOLDS             REF.      REFERENCE LENGTH   MOMENT REF. CENTER
 NUMBER                                                       NUMBER              AREA       LONG.     LAT.     HORIZ      VERT
              M        M/SEC      N/ M**2       DEG K         1/ M                M**2         M         M         M         M
0  .500    4200.00     161.87   6.0072E+04     260.868     7.8129E+06            22.438      2.500    12.000     -.180     -.470
0          CLA-B(W)= 7.945E-03     CLA-W(B)= 7.329E-02     K-B(W)= 1.162E-01     K-W(B)= 1.071E+00     XAC/C-B(W)= 2.629E-01
0          CLA-B(H)= 3.701E-04     CLA-H(B)= 2.077E-03     K-B(H)= 1.986E-01     K-H(B)= 1.114E+00     XAC/C-B(H)= 1.695E-01
0                                      SIDEWASH, (1 + D(SIGMA)/D(BETA))QV/Q = 1.0332147E+00



                ALPHA         IV-B(W)          IV-W(H)          IV-B(H)          GAMMA/                  GAMMA/
                                                                              2*PI*ALPHA*V*R         (2*PI*ALPHA*V*R)T
               -16.000        .0000E+00       -.8330E+00       -.1206E+00          NDM                    .5174E+00
                -8.000        .0000E+00       -.9017E+00        .0000E+00          NDM                      NDM 
                -6.000        .0000E+00       -.9162E+00        .0000E+00          NDM                      NDM 
                -4.000        .0000E+00       -.9295E+00        .0000E+00        .0000E+00                .0000E+00
                -2.000        .0000E+00       -.9413E+00        .0000E+00        .0000E+00                .0000E+00
                -1.000        .0000E+00       -.9467E+00        .0000E+00        .0000E+00                .0000E+00
                  .000        .0000E+00       -.9517E+00        .0000E+00        .0000E+00                .0000E+00
                 1.000        .0000E+00       -.9562E+00        .0000E+00        .0000E+00                .0000E+00
                 2.000        .0000E+00       -.9603E+00        .0000E+00        .0000E+00                .0000E+00
                 4.000        .0000E+00       -.9672E+00        .0000E+00        .0000E+00                .0000E+00
                 6.000        .0000E+00       -.9722E+00        .0000E+00          NDM                      NDM 
                 8.000        .0000E+00       -.9751E+00        .0000E+00          NDM                      NDM 
                10.000        .0000E+00       -.9759E+00        .0000E+00          NDM                      NDM 
                12.000        .0000E+00       -.9744E+00        .0000E+00          NDM                      NDM 
                14.000        .0000E+00       -.9704E+00       -.5152E-01          NDM                    .4478E+00
                16.000        .0000E+00       -.9640E+00       -.1206E+00          NDM                    .5174E+00
                18.000        .0000E+00       -.9551E+00       -.1720E+00          NDM                    .5824E+00
                19.000        .0000E+00       -.9496E+00       -.1927E+00          NDM                    .6157E+00
                20.000        .0000E+00       -.9435E+00       -.2110E+00          NDM                    .6515E+00
                21.000        .0000E+00       -.9368E+00       -.2170E+00          NDM                    .6641E+00
0*** NDM PRINTED WHEN NO DATCOM METHODS EXIST
1
1                            AUTOMATED STABILITY AND CONTROL METHODS PER APRIL 1976 VERSION OF DATCOM
                                         CHARACTERISTICS OF HIGH LIFT AND CONTROL DEVICES
                          WING-BODY-VERTICAL TAIL-ALL MOVABLE HORIZONTAL STABILIZER TRIM CONFIGURATION
 -----------------------  FLIGHT CONDITIONS  ------------------------           --------------  REFERENCE DIMENSIONS  ------------
  MACH    ALTITUDE   VELOCITY    PRESSURE    TEMPERATURE     REYNOLDS             REF.      REFERENCE LENGTH   MOMENT REF. CENTER
 NUMBER                                                       NUMBER              AREA       LONG.     LAT.     HORIZ      VERT
              M        M/SEC      N/ M**2       DEG K         1/ M                M**2         M         M         M         M
0  .500    4200.00     161.87   2.6203E+01     845.212     7.2585E+05            22.438      2.500    12.000     -.180     -.470
0-----------------UNTRIMMED--------------------HORIZONTAL STABILIZER COEFFICIENTS----------------AT TRIM INCIDENCE------------

0 ALPHA     CD       CL       CM       HM                                         ALIHT    CD       CL       CM       HM

  -16.0     .021    -.168     .3195   4.468E-01                                     5.6    .013    -.079     .1470   2.127E-01
   -8.0     .012    -.123     .2284   3.278E-01                                     4.0    .003    -.040     .0748   1.065E-01
   -6.0     .008    -.101     .1889   2.713E-01                                     3.8    .002    -.031     .0573   8.154E-02
   -4.0     .006    -.078     .1451   2.087E-01                                     3.5    .001    -.022     .0405   5.759E-02
   -2.0     .003    -.055     .1026   1.470E-01                                     3.4    .001    -.012     .0234   3.332E-02
   -1.0     .003    -.044     .0815   1.166E-01                                     3.3    .001    -.008     .0149   2.105E-02
     .0     .002    -.033     .0606   8.666E-02                                     3.3    .001    -.003     .0063   8.726E-03
    1.0     .002    -.021     .0400   5.715E-02                                     3.2    .001     .001    -.0023  -3.649E-03
    2.0     .001    -.011     .0198   2.819E-02                                     3.2    .002     .006    -.0109  -1.605E-02
    4.0     .001     .011    -.0197  -2.850E-02                                     3.0    .003     .015    -.0278  -4.087E-02
    6.0     .002     .033    -.0605  -8.673E-02                                     2.6    .004     .023    -.0424  -6.283E-02
    8.0     .003     .055    -.1030  -1.466E-01                                     1.9    .006     .030    -.0537  -8.028E-02
   10.0     .006     .078    -.1475  -2.076E-01                                      .7    .007     .034    -.0616  -9.333E-02

0                                         WING-BODY-TAIL COEFFICIENTS AT TRIM INCIDENCE

0                                                    ALPHA     CD       CL
0
                                                     -16.0     .078   -1.060
                                                      -8.0     .020    -.327
                                                      -6.0     .015    -.146
                                                      -4.0     .014     .031
                                                      -2.0     .016     .211
                                                      -1.0     .019     .304
                                                        .0     .023     .397
                                                       1.0     .028     .492
                                                       2.0     .034     .587
                                                       4.0     .049     .779
                                                       6.0     .066     .953
                                                       8.0     .082    1.091
                                                      10.0     .095    1.193
0*NOTE** TRIM RESULTS TERMINATED BECAUSE WING-BODY MOMENT DATA WAS UNAVAILABLE
1 END OF JOB.
